<?xml version="1.0" encoding="UTF-8"?>
<testsuites name="jest tests" tests="25" failures="0" errors="0" time="41.494">
  <testsuite name="b2" errors="0" failures="0" skipped="0" timestamp="2025-10-03T07:24:06" time="5.095" tests="3">
    <testcase classname="b2 0 - 0" name="b2 0 - 0" time="0.504" file="unit/b2.spec.js">
    </testcase>
    <testcase classname="b2 0 - 1" name="b2 0 - 1" time="1.202" file="unit/b2.spec.js">
    </testcase>
    <testcase classname="b2 0 - 2" name="b2 0 - 2" time="3.104" file="unit/b2.spec.js">
    </testcase>
  </testsuite>
  <testsuite name="a2" errors="0" failures="0" skipped="0" timestamp="2025-10-03T07:24:06" time="6.516" tests="1">
    <testcase classname="a2 0 - 0" name="a2 0 - 0" time="6.237" file="unit/a2.spec.js">
    </testcase>
  </testsuite>
  <testsuite name="a1" errors="0" failures="0" skipped="0" timestamp="2025-10-03T07:24:06" time="10.949" tests="4">
    <testcase classname="a1 0 - 0" name="a1 0 - 0" time="1.007" file="unit/a1.spec.js">
    </testcase>
    <testcase classname="a1 0 - 1" name="a1 0 - 1" time="2.201" file="unit/a1.spec.js">
    </testcase>
    <testcase classname="a1 0 - 2" name="a1 0 - 2" time="3.122" file="unit/a1.spec.js">
    </testcase>
    <testcase classname="a1 0 - 3" name="a1 0 - 3" time="4.323" file="unit/a1.spec.js">
    </testcase>
  </testsuite>
  <testsuite name="b1" errors="0" failures="0" skipped="0" timestamp="2025-10-03T07:24:06" time="11.435" tests="3">
    <testcase classname="b1 0 - 0" name="b1 0 - 0" time="4.137" file="unit/b1.spec.js">
    </testcase>
    <testcase classname="b1 0 - 1" name="b1 0 - 1" time="5.784" file="unit/b1.spec.js">
    </testcase>
    <testcase classname="b1 0 - 2" name="b1 0 - 2" time="1.234" file="unit/b1.spec.js">
    </testcase>
  </testsuite>
  <testsuite name="c4" errors="0" failures="0" skipped="0" timestamp="2025-10-03T07:24:11" time="6.317" tests="2">
    <testcase classname="c4 0 - 0" name="c4 0 - 0" time="0.892" file="unit/c4.spec.js">
    </testcase>
    <testcase classname="c4 0 - 1" name="c4 0 - 1" time="5.402" file="unit/c4.spec.js">
    </testcase>
  </testsuite>
  <testsuite name="c1" errors="0" failures="0" skipped="0" timestamp="2025-10-03T07:24:06" time="11.703" tests="3">
    <testcase classname="c1 0 - 0" name="c1 0 - 0" time="8.123" file="unit/c1.spec.js">
    </testcase>
    <testcase classname="c1 0 - 1" name="c1 0 - 1" time="1.203" file="unit/c1.spec.js">
    </testcase>
    <testcase classname="c1 0 - 2" name="c1 0 - 2" time="2.103" file="unit/c1.spec.js">
    </testcase>
  </testsuite>
  <testsuite name="c3" errors="0" failures="0" skipped="0" timestamp="2025-10-03T07:24:06" time="13.301" tests="2">
    <testcase classname="c3 0 - 0" name="c3 0 - 0" time="10.904" file="unit/c3.spec.js">
    </testcase>
    <testcase classname="c3 0 - 1" name="c3 0 - 1" time="2.102" file="unit/c3.spec.js">
    </testcase>
  </testsuite>
  <testsuite name="c2" errors="0" failures="0" skipped="0" timestamp="2025-10-03T07:24:06" time="21.199" tests="3">
    <testcase classname="c2 0 - 0" name="c2 0 - 0" time="6.705" file="unit/c2.spec.js">
    </testcase>
    <testcase classname="c2 0 - 1" name="c2 0 - 1" time="5.302" file="unit/c2.spec.js">
    </testcase>
    <testcase classname="c2 0 - 2" name="c2 0 - 2" time="8.903" file="unit/c2.spec.js">
    </testcase>
  </testsuite>
  <testsuite name="d1" errors="0" failures="0" skipped="0" timestamp="2025-10-03T07:24:12" time="34.841" tests="4">
    <testcase classname="d1 0 - 0" name="d1 0 - 0" time="11.002" file="unit/d1.spec.js">
    </testcase>
    <testcase classname="d1 0 - 1" name="d1 0 - 1" time="6.502" file="unit/d1.spec.js">
    </testcase>
    <testcase classname="d1 0 - 2" name="d1 0 - 2" time="8.102" file="unit/d1.spec.js">
    </testcase>
    <testcase classname="d1 0 - 3" name="d1 0 - 3" time="9.202" file="unit/d1.spec.js">
    </testcase>
  </testsuite>
</testsuites>