<?xml version="1.0" encoding="UTF-8"?>
<testsuites name="jest tests" tests="25" failures="0" errors="0" time="35.28">
  <testsuite name="b2" errors="0" failures="0" skipped="0" timestamp="2025-10-01T03:21:37" time="5.093" tests="3">
    <testcase classname="b2 0 - 0" name="b2 0 - 0" time="0.504" file="unit/b2.spec.js">
    </testcase>
    <testcase classname="b2 0 - 1" name="b2 0 - 1" time="1.201" file="unit/b2.spec.js">
    </testcase>
    <testcase classname="b2 0 - 2" name="b2 0 - 2" time="3.105" file="unit/b2.spec.js">
    </testcase>
  </testsuite>
  <testsuite name="a2" errors="0" failures="0" skipped="0" timestamp="2025-10-01T03:21:37" time="6.489" tests="1">
    <testcase classname="a2 0 - 0" name="a2 0 - 0" time="6.234" file="unit/a2.spec.js">
    </testcase>
  </testsuite>
  <testsuite name="c4" errors="0" failures="0" skipped="0" timestamp="2025-10-01T03:21:37" time="6.571" tests="2">
    <testcase classname="c4 0 - 0" name="c4 0 - 0" time="0.895" file="unit/c4.spec.js">
    </testcase>
    <testcase classname="c4 0 - 1" name="c4 0 - 1" time="5.401" file="unit/c4.spec.js">
    </testcase>
  </testsuite>
  <testsuite name="a1" errors="0" failures="0" skipped="0" timestamp="2025-10-01T03:21:37" time="10.901" tests="4">
    <testcase classname="a1 0 - 0" name="a1 0 - 0" time="1.004" file="unit/a1.spec.js">
    </testcase>
    <testcase classname="a1 0 - 1" name="a1 0 - 1" time="2.202" file="unit/a1.spec.js">
    </testcase>
    <testcase classname="a1 0 - 2" name="a1 0 - 2" time="3.121" file="unit/a1.spec.js">
    </testcase>
    <testcase classname="a1 0 - 3" name="a1 0 - 3" time="4.323" file="unit/a1.spec.js">
    </testcase>
  </testsuite>
  <testsuite name="c3" errors="0" failures="0" skipped="0" timestamp="2025-10-01T03:21:37" time="13.285" tests="2">
    <testcase classname="c3 0 - 0" name="c3 0 - 0" time="10.903" file="unit/c3.spec.js">
    </testcase>
    <testcase classname="c3 0 - 1" name="c3 0 - 1" time="2.102" file="unit/c3.spec.js">
    </testcase>
  </testsuite>
  <testsuite name="c1" errors="0" failures="0" skipped="0" timestamp="2025-10-01T03:21:42" time="11.446" tests="3">
    <testcase classname="c1 0 - 0" name="c1 0 - 0" time="8.122" file="unit/c1.spec.js">
    </testcase>
    <testcase classname="c1 0 - 1" name="c1 0 - 1" time="1.203" file="unit/c1.spec.js">
    </testcase>
    <testcase classname="c1 0 - 2" name="c1 0 - 2" time="2.101" file="unit/c1.spec.js">
    </testcase>
  </testsuite>
  <testsuite name="b1" errors="0" failures="0" skipped="0" timestamp="2025-10-01T03:21:43" time="11.176" tests="3">
    <testcase classname="b1 0 - 0" name="b1 0 - 0" time="4.134" file="unit/b1.spec.js">
    </testcase>
    <testcase classname="b1 0 - 1" name="b1 0 - 1" time="5.783" file="unit/b1.spec.js">
    </testcase>
    <testcase classname="b1 0 - 2" name="b1 0 - 2" time="1.232" file="unit/b1.spec.js">
    </testcase>
  </testsuite>
  <testsuite name="c2" errors="0" failures="0" skipped="0" timestamp="2025-10-01T03:21:37" time="21.165" tests="3">
    <testcase classname="c2 0 - 0" name="c2 0 - 0" time="6.705" file="unit/c2.spec.js">
    </testcase>
    <testcase classname="c2 0 - 1" name="c2 0 - 1" time="5.303" file="unit/c2.spec.js">
    </testcase>
    <testcase classname="c2 0 - 2" name="c2 0 - 2" time="8.902" file="unit/c2.spec.js">
    </testcase>
  </testsuite>
  <testsuite name="d1" errors="0" failures="0" skipped="0" timestamp="2025-10-01T03:21:37" time="35.095" tests="4">
    <testcase classname="d1 0 - 0" name="d1 0 - 0" time="11.004" file="unit/d1.spec.js">
    </testcase>
    <testcase classname="d1 0 - 1" name="d1 0 - 1" time="6.502" file="unit/d1.spec.js">
    </testcase>
    <testcase classname="d1 0 - 2" name="d1 0 - 2" time="8.103" file="unit/d1.spec.js">
    </testcase>
    <testcase classname="d1 0 - 3" name="d1 0 - 3" time="9.202" file="unit/d1.spec.js">
    </testcase>
  </testsuite>
</testsuites>